<?xml version="1.0" encoding="utf-8"?><testsuites><testsuite name="pytest" errors="0" failures="0" skipped="0" tests="7" time="0.066" timestamp="2021-11-12T21:22:23.021858" hostname="dlink-MD81S"><testcase classname="test_utils.test_division" name="test_division[10-5-2]" time="0.001" /><testcase classname="test_utils.test_division" name="test_division[20-2-10]" time="0.001" /><testcase classname="test_utils.test_division" name="test_division[10--2--5]" time="0.001" /><testcase classname="test_utils.test_division" name="test_division[5-2-2.5]" time="0.001" /><testcase classname="test_utils.test_division" name="test_type_error" time="0.001" /><testcase classname="test_utils.test_division" name="test_zero_division[ZeroDivisionError-0]" time="0.001" /><testcase classname="test_utils.test_division" name="test_zero_division[TypeError-5]" time="0.001" /></testsuite></testsuites>